# JRE version: Java(TM) SE Runtime Environment (24.0+36) (build 24+36-3646)
# Java VM: Java HotSpot(TM) 64-Bit Server VM (24+36-3646, mixed mode, sharing, tiered, compressed oops, compressed class ptrs, parallel gc, windows-amd64)
GC Precious Log:
 CardTable entry size: 512
 CPUs: 8 total, 8 available
 Memory: 7916M
 Large Page Support: Disabled
 NUMA Support: Disabled
 Compressed Oops: Enabled (32-bit)
 Alignments: Space 512K, Generation 512K, Heap 2M
 Heap Min Capacity: 100M
 Heap Initial Capacity: 100M
 Heap Max Capacity: 2G
 Pre-touch: Disabled
 Parallel Workers: 8
Heap:
 PSYoungGen      total 28160K, used 27768K [0x00000000d5580000, 0x00000000d7b00000, 0x0000000100000000)
  eden space 25600K, 98% used [0x00000000d5580000,0x00000000d6e262e8,0x00000000d6e80000)
  from space 2560K, 98% used [0x00000000d7400000,0x00000000d7678010,0x00000000d7680000)
  to   space 5632K, 0% used [0x00000000d6e80000,0x00000000d6e80000,0x00000000d7400000)
 ParOldGen       total 68608K, used 30974K [0x0000000080000000, 0x0000000084300000, 0x00000000d5580000)
  object space 68608K, 45% used [0x0000000080000000,0x0000000081e3fa90,0x0000000084300000)
 Metaspace       used 41027K, committed 42048K, reserved 1114112K
  class space    used 3555K, committed 3968K, reserved 1048576K
GC Heap History (20 events):
Event: 16.530 GC heap before
{Heap before GC invocations=9 (full 1):
 PSYoungGen      total 31232K, used 26297K [0x00000000d5580000, 0x00000000d7680000, 0x0000000100000000)
  eden space 25600K, 100% used [0x00000000d5580000,0x00000000d6e80000,0x00000000d6e80000)
  from space 5632K, 12% used [0x00000000d6e80000,0x00000000d6f2e5b8,0x00000000d7400000)
  to   space 2560K, 0% used [0x00000000d7400000,0x00000000d7400000,0x00000000d7680000)
 ParOldGen       total 68608K, used 13788K [0x0000000080000000, 0x0000000084300000, 0x00000000d5580000)
  object space 68608K, 20% used [0x0000000080000000,0x0000000080d772c8,0x0000000084300000)
 Metaspace       used 26571K, committed 27392K, reserved 1114112K
  class space    used 2152K, committed 2496K, reserved 1048576K
}
Event: 16.532 GC heap after
{Heap after GC invocations=9 (full 1):
 PSYoungGen      total 30208K, used 2537K [0x00000000d5580000, 0x00000000d7680000, 0x0000000100000000)
  eden space 27648K, 0% used [0x00000000d5580000,0x00000000d5580000,0x00000000d7080000)
  from space 2560K, 99% used [0x00000000d7400000,0x00000000d767a610,0x00000000d7680000)
  to   space 3072K, 0% used [0x00000000d7080000,0x00000000d7080000,0x00000000d7380000)
 ParOldGen       total 68608K, used 13804K [0x0000000080000000, 0x0000000084300000, 0x00000000d5580000)
  object space 68608K, 20% used [0x0000000080000000,0x0000000080d7b2c8,0x0000000084300000)
 Metaspace       used 26571K, committed 27392K, reserved 1114112K
  class space    used 2152K, committed 2496K, reserved 1048576K
}
Event: 17.222 GC heap before
{Heap before GC invocations=10 (full 1):
 PSYoungGen      total 30208K, used 30185K [0x00000000d5580000, 0x00000000d7680000, 0x0000000100000000)
  eden space 27648K, 100% used [0x00000000d5580000,0x00000000d7080000,0x00000000d7080000)
  from space 2560K, 99% used [0x00000000d7400000,0x00000000d767a610,0x00000000d7680000)
  to   space 3072K, 0% used [0x00000000d7080000,0x00000000d7080000,0x00000000d7380000)
 ParOldGen       total 68608K, used 13804K [0x0000000080000000, 0x0000000084300000, 0x00000000d5580000)
  object space 68608K, 20% used [0x0000000080000000,0x0000000080d7b2c8,0x0000000084300000)
 Metaspace       used 29251K, committed 30144K, reserved 1114112K
  class space    used 2382K, committed 2752K, reserved 1048576K
}
Event: 17.225 GC heap after
{Heap after GC invocations=10 (full 1):
 PSYoungGen      total 30208K, used 3017K [0x00000000d5580000, 0x00000000d7700000, 0x0000000100000000)
  eden space 27136K, 0% used [0x00000000d5580000,0x00000000d5580000,0x00000000d7000000)
  from space 3072K, 98% used [0x00000000d7080000,0x00000000d7372610,0x00000000d7380000)
  to   space 3584K, 0% used [0x00000000d7380000,0x00000000d7380000,0x00000000d7700000)
 ParOldGen       total 68608K, used 13812K [0x0000000080000000, 0x0000000084300000, 0x00000000d5580000)
  object space 68608K, 20% used [0x0000000080000000,0x0000000080d7d2c8,0x0000000084300000)
 Metaspace       used 29251K, committed 30144K, reserved 1114112K
  class space    used 2382K, committed 2752K, reserved 1048576K
}
Event: 18.019 GC heap before
{Heap before GC invocations=11 (full 1):
 PSYoungGen      total 30208K, used 30153K [0x00000000d5580000, 0x00000000d7700000, 0x0000000100000000)
  eden space 27136K, 100% used [0x00000000d5580000,0x00000000d7000000,0x00000000d7000000)
  from space 3072K, 98% used [0x00000000d7080000,0x00000000d7372610,0x00000000d7380000)
  to   space 3584K, 0% used [0x00000000d7380000,0x00000000d7380000,0x00000000d7700000)
 ParOldGen       total 68608K, used 13812K [0x0000000080000000, 0x0000000084300000, 0x00000000d5580000)
  object space 68608K, 20% used [0x0000000080000000,0x0000000080d7d2c8,0x0000000084300000)
 Metaspace       used 32475K, committed 33408K, reserved 1114112K
  class space    used 2687K, committed 3072K, reserved 1048576K
}
Event: 18.023 GC heap after
{Heap after GC invocations=11 (full 1):
 PSYoungGen      total 30720K, used 3030K [0x00000000d5580000, 0x00000000d7680000, 0x0000000100000000)
  eden space 27648K, 0% used [0x00000000d5580000,0x00000000d5580000,0x00000000d7080000)
  from space 3072K, 98% used [0x00000000d7380000,0x00000000d7675aa0,0x00000000d7680000)
  to   space 3072K, 0% used [0x00000000d7080000,0x00000000d7080000,0x00000000d7380000)
 ParOldGen       total 68608K, used 15321K [0x0000000080000000, 0x0000000084300000, 0x00000000d5580000)
  object space 68608K, 22% used [0x0000000080000000,0x0000000080ef6630,0x0000000084300000)
 Metaspace       used 32475K, committed 33408K, reserved 1114112K
  class space    used 2687K, committed 3072K, reserved 1048576K
}
Event: 19.110 GC heap before
{Heap before GC invocations=12 (full 2):
 PSYoungGen      total 30720K, used 30144K [0x00000000d5580000, 0x00000000d7680000, 0x0000000100000000)
  eden space 27648K, 98% used [0x00000000d5580000,0x00000000d6ffa7e8,0x00000000d7080000)
  from space 3072K, 98% used [0x00000000d7380000,0x00000000d7675aa0,0x00000000d7680000)
  to   space 3072K, 0% used [0x00000000d7080000,0x00000000d7080000,0x00000000d7380000)
 ParOldGen       total 68608K, used 15321K [0x0000000080000000, 0x0000000084300000, 0x00000000d5580000)
  object space 68608K, 22% used [0x0000000080000000,0x0000000080ef6630,0x0000000084300000)
 Metaspace       used 34859K, committed 35840K, reserved 1114112K
  class space    used 2906K, committed 3328K, reserved 1048576K
}
Event: 19.154 GC heap after
{Heap after GC invocations=12 (full 2):
 PSYoungGen      total 30720K, used 0K [0x00000000d5580000, 0x00000000d7680000, 0x0000000100000000)
  eden space 27648K, 0% used [0x00000000d5580000,0x00000000d5580000,0x00000000d7080000)
  from space 3072K, 0% used [0x00000000d7380000,0x00000000d7380000,0x00000000d7680000)
  to   space 3072K, 0% used [0x00000000d7080000,0x00000000d7080000,0x00000000d7380000)
 ParOldGen       total 68608K, used 19717K [0x0000000080000000, 0x0000000084300000, 0x00000000d5580000)
  object space 68608K, 28% used [0x0000000080000000,0x00000000813414e8,0x0000000084300000)
 Metaspace       used 34849K, committed 35840K, reserved 1114112K
  class space    used 2903K, committed 3328K, reserved 1048576K
}
Event: 19.868 GC heap before
{Heap before GC invocations=13 (full 2):
 PSYoungGen      total 30720K, used 27648K [0x00000000d5580000, 0x00000000d7680000, 0x0000000100000000)
  eden space 27648K, 100% used [0x00000000d5580000,0x00000000d7080000,0x00000000d7080000)
  from space 3072K, 0% used [0x00000000d7380000,0x00000000d7380000,0x00000000d7680000)
  to   space 3072K, 0% used [0x00000000d7080000,0x00000000d7080000,0x00000000d7380000)
 ParOldGen       total 68608K, used 19717K [0x0000000080000000, 0x0000000084300000, 0x00000000d5580000)
  object space 68608K, 28% used [0x0000000080000000,0x00000000813414e8,0x0000000084300000)
 Metaspace       used 36833K, committed 37824K, reserved 1114112K
  class space    used 3098K, committed 3520K, reserved 1048576K
}
Event: 19.873 GC heap after
{Heap after GC invocations=13 (full 2):
 PSYoungGen      total 30720K, used 1861K [0x00000000d5580000, 0x00000000d7680000, 0x0000000100000000)
  eden space 27648K, 0% used [0x00000000d5580000,0x00000000d5580000,0x00000000d7080000)
  from space 3072K, 60% used [0x00000000d7080000,0x00000000d7251400,0x00000000d7380000)
  to   space 2560K, 0% used [0x00000000d7400000,0x00000000d7400000,0x00000000d7680000)
 ParOldGen       total 68608K, used 19725K [0x0000000080000000, 0x0000000084300000, 0x00000000d5580000)
  object space 68608K, 28% used [0x0000000080000000,0x00000000813434e8,0x0000000084300000)
 Metaspace       used 36833K, committed 37824K, reserved 1114112K
  class space    used 3098K, committed 3520K, reserved 1048576K
}
Event: 20.343 GC heap before
{Heap before GC invocations=14 (full 2):
 PSYoungGen      total 30720K, used 29509K [0x00000000d5580000, 0x00000000d7680000, 0x0000000100000000)
  eden space 27648K, 100% used [0x00000000d5580000,0x00000000d7080000,0x00000000d7080000)
  from space 3072K, 60% used [0x00000000d7080000,0x00000000d7251400,0x00000000d7380000)
  to   space 2560K, 0% used [0x00000000d7400000,0x00000000d7400000,0x00000000d7680000)
 ParOldGen       total 68608K, used 19725K [0x0000000080000000, 0x0000000084300000, 0x00000000d5580000)
  object space 68608K, 28% used [0x0000000080000000,0x00000000813434e8,0x0000000084300000)
 Metaspace       used 37593K, committed 38656K, reserved 1114112K
  class space    used 3192K, committed 3648K, reserved 1048576K
}
Event: 20.349 GC heap after
{Heap after GC invocations=14 (full 2):
 PSYoungGen      total 28672K, used 2528K [0x00000000d5580000, 0x00000000d7a00000, 0x0000000100000000)
  eden space 26112K, 0% used [0x00000000d5580000,0x00000000d5580000,0x00000000d6f00000)
  from space 2560K, 98% used [0x00000000d7400000,0x00000000d7678010,0x00000000d7680000)
  to   space 5120K, 0% used [0x00000000d6f00000,0x00000000d6f00000,0x00000000d7400000)
 ParOldGen       total 68608K, used 21570K [0x0000000080000000, 0x0000000084300000, 0x00000000d5580000)
  object space 68608K, 31% used [0x0000000080000000,0x0000000081510a00,0x0000000084300000)
 Metaspace       used 37593K, committed 38656K, reserved 1114112K
  class space    used 3192K, committed 3648K, reserved 1048576K
}
Event: 20.929 GC heap before
{Heap before GC invocations=15 (full 2):
 PSYoungGen      total 28672K, used 28640K [0x00000000d5580000, 0x00000000d7a00000, 0x0000000100000000)
  eden space 26112K, 100% used [0x00000000d5580000,0x00000000d6f00000,0x00000000d6f00000)
  from space 2560K, 98% used [0x00000000d7400000,0x00000000d7678010,0x00000000d7680000)
  to   space 5120K, 0% used [0x00000000d6f00000,0x00000000d6f00000,0x00000000d7400000)
 ParOldGen       total 68608K, used 21570K [0x0000000080000000, 0x0000000084300000, 0x00000000d5580000)
  object space 68608K, 31% used [0x0000000080000000,0x0000000081510a00,0x0000000084300000)
 Metaspace       used 39277K, committed 40320K, reserved 1114112K
  class space    used 3379K, committed 3840K, reserved 1048576K
}
Event: 20.934 GC heap after
{Heap after GC invocations=15 (full 2):
 PSYoungGen      total 28672K, used 2210K [0x00000000d5580000, 0x00000000d7680000, 0x0000000100000000)
  eden space 26112K, 0% used [0x00000000d5580000,0x00000000d5580000,0x00000000d6f00000)
  from space 2560K, 86% used [0x00000000d6f00000,0x00000000d7128810,0x00000000d7180000)
  to   space 3072K, 0% used [0x00000000d7380000,0x00000000d7380000,0x00000000d7680000)
 ParOldGen       total 68608K, used 24007K [0x0000000080000000, 0x0000000084300000, 0x00000000d5580000)
  object space 68608K, 34% used [0x0000000080000000,0x0000000081771ef8,0x0000000084300000)
 Metaspace       used 39277K, committed 40320K, reserved 1114112K
  class space    used 3379K, committed 3840K, reserved 1048576K
}
Event: 21.120 GC heap before
{Heap before GC invocations=16 (full 2):
 PSYoungGen      total 28672K, used 28322K [0x00000000d5580000, 0x00000000d7680000, 0x0000000100000000)
  eden space 26112K, 100% used [0x00000000d5580000,0x00000000d6f00000,0x00000000d6f00000)
  from space 2560K, 86% used [0x00000000d6f00000,0x00000000d7128810,0x00000000d7180000)
  to   space 3072K, 0% used [0x00000000d7380000,0x00000000d7380000,0x00000000d7680000)
 ParOldGen       total 68608K, used 24007K [0x0000000080000000, 0x0000000084300000, 0x00000000d5580000)
  object space 68608K, 34% used [0x0000000080000000,0x0000000081771ef8,0x0000000084300000)
 Metaspace       used 39810K, committed 40832K, reserved 1114112K
  class space    used 3437K, committed 3840K, reserved 1048576K
}
Event: 21.126 GC heap after
{Heap after GC invocations=16 (full 2):
 PSYoungGen      total 30720K, used 2512K [0x00000000d5580000, 0x00000000d7680000, 0x0000000100000000)
  eden space 27648K, 0% used [0x00000000d5580000,0x00000000d5580000,0x00000000d7080000)
  from space 3072K, 81% used [0x00000000d7380000,0x00000000d75f4020,0x00000000d7680000)
  to   space 3072K, 0% used [0x00000000d7080000,0x00000000d7080000,0x00000000d7380000)
 ParOldGen       total 68608K, used 26050K [0x0000000080000000, 0x0000000084300000, 0x00000000d5580000)
  object space 68608K, 37% used [0x0000000080000000,0x00000000819708a0,0x0000000084300000)
 Metaspace       used 39810K, committed 40832K, reserved 1114112K
  class space    used 3437K, committed 3840K, reserved 1048576K
}
Event: 21.322 GC heap before
{Heap before GC invocations=17 (full 2):
 PSYoungGen      total 30720K, used 30160K [0x00000000d5580000, 0x00000000d7680000, 0x0000000100000000)
  eden space 27648K, 100% used [0x00000000d5580000,0x00000000d7080000,0x00000000d7080000)
  from space 3072K, 81% used [0x00000000d7380000,0x00000000d75f4020,0x00000000d7680000)
  to   space 3072K, 0% used [0x00000000d7080000,0x00000000d7080000,0x00000000d7380000)
 ParOldGen       total 68608K, used 26050K [0x0000000080000000, 0x0000000084300000, 0x00000000d5580000)
  object space 68608K, 37% used [0x0000000080000000,0x00000000819708a0,0x0000000084300000)
 Metaspace       used 40201K, committed 41280K, reserved 1114112K
  class space    used 3471K, committed 3904K, reserved 1048576K
}
Event: 21.328 GC heap after
{Heap after GC invocations=17 (full 2):
 PSYoungGen      total 30720K, used 2436K [0x00000000d5580000, 0x00000000d7680000, 0x0000000100000000)
  eden space 27648K, 0% used [0x00000000d5580000,0x00000000d5580000,0x00000000d7080000)
  from space 3072K, 79% used [0x00000000d7080000,0x00000000d72e1000,0x00000000d7380000)
  to   space 2560K, 0% used [0x00000000d7400000,0x00000000d7400000,0x00000000d7680000)
 ParOldGen       total 68608K, used 28448K [0x0000000080000000, 0x0000000084300000, 0x00000000d5580000)
  object space 68608K, 41% used [0x0000000080000000,0x0000000081bc8278,0x0000000084300000)
 Metaspace       used 40201K, committed 41280K, reserved 1114112K
  class space    used 3471K, committed 3904K, reserved 1048576K
}
Event: 21.550 GC heap before
{Heap before GC invocations=18 (full 2):
 PSYoungGen      total 30720K, used 30084K [0x00000000d5580000, 0x00000000d7680000, 0x0000000100000000)
  eden space 27648K, 100% used [0x00000000d5580000,0x00000000d7080000,0x00000000d7080000)
  from space 3072K, 79% used [0x00000000d7080000,0x00000000d72e1000,0x00000000d7380000)
  to   space 2560K, 0% used [0x00000000d7400000,0x00000000d7400000,0x00000000d7680000)
 ParOldGen       total 68608K, used 28448K [0x0000000080000000, 0x0000000084300000, 0x00000000d5580000)
  object space 68608K, 41% used [0x0000000080000000,0x0000000081bc8278,0x0000000084300000)
 Metaspace       used 40537K, committed 41664K, reserved 1114112K
  class space    used 3508K, committed 3968K, reserved 1048576K
}
Event: 21.555 GC heap after
{Heap after GC invocations=18 (full 2):
 PSYoungGen      total 28160K, used 2528K [0x00000000d5580000, 0x00000000d7b00000, 0x0000000100000000)
  eden space 25600K, 0% used [0x00000000d5580000,0x00000000d5580000,0x00000000d6e80000)
  from space 2560K, 98% used [0x00000000d7400000,0x00000000d7678010,0x00000000d7680000)
  to   space 5632K, 0% used [0x00000000d6e80000,0x00000000d6e80000,0x00000000d7400000)
 ParOldGen       total 68608K, used 30974K [0x0000000080000000, 0x0000000084300000, 0x00000000d5580000)
  object space 68608K, 45% used [0x0000000080000000,0x0000000081e3fa90,0x0000000084300000)
 Metaspace       used 40537K, committed 41664K, reserved 1114112K
  class space    used 3508K, committed 3968K, reserved 1048576K
}

